nohup: ignoring input
[2025-07-04 08:58:26,233 | DEBUG] : Running step reduce_randomly
[2025-07-04 08:58:26,233 | DEBUG] : Prototype: reduce_randomly(fasta_file: str, n_jobs: int = 1)
[2025-07-04 08:58:26,234 | DEBUG] : Arguments:
+------------+-------------------------------------------------+
| Parameter  |                      Value                      |
+------------+-------------------------------------------------+
| fasta_file | /data/16SDb/current_SILVA_gg16S_unaligned.fasta |
|   n_jobs   |                       10                        |
+------------+-------------------------------------------------+
[2025-07-04 08:58:26,234 | INFO] : Reducing database to random sequences
[2025-07-04 08:58:26,244 | DEBUG] : Opened file /data/16SDb/current_SILVA_gg16S_unaligned.fasta
[2025-07-04 08:58:32,950 | INFO] : Extracting sequences metadata
[2025-07-04 08:58:32,950 | DEBUG] : Total sequences: 381226
[2025-07-04 08:58:44,575 | INFO] : Grouping sequences by taxonomy
[2025-07-04 08:58:44,575 | DEBUG] : Unique taxonomies: 2781
[2025-07-04 08:59:32,392 | INFO] : Selecting one sequence per taxonomy
[2025-07-04 08:59:32,497 | DEBUG] : Selected sequences to store: 2780
[2025-07-04 08:59:32,498 | INFO] : Storing reduced database to temporary file /tmp/tmpi2gukp0a.fasta
[2025-07-04 08:59:32,498 | DEBUG] : Opened file /tmp/tmpi2gukp0a.fasta
[2025-07-04 09:00:24,337 | DEBUG] : Running step build_fragment_database
[2025-07-04 09:00:24,337 | DEBUG] : Prototype: build_fragment_database(fasta_file: str, primer_file: str, outfile: str, matcher: Callable = <function align_matcher at 0x7ba6cd303dc0>, threshold: float = 0.8, reverse_primer3: bool = True, n_jobs: int = 1)
[2025-07-04 09:00:24,338 | DEBUG] : Arguments:
+-----------------+--------------------------------------------------------------+
|    Parameter    |                            Value                             |
+-----------------+--------------------------------------------------------------+
|   fasta_file    |                    /tmp/tmpi2gukp0a.fasta                    |
|   primer_file   |                  /data/16SDb/primers.fasta                   |
|     outfile     | /data/16SDb/fragments/SILVA_random/blastdb_SILVA_gg16S.fasta |
|     matcher     |          <function align_matcher at 0x7ba6cd303dc0>          |
|    threshold    |                             0.8                              |
| reverse_primer3 |                             True                             |
|     n_jobs      |                              10                              |
+-----------------+--------------------------------------------------------------+
[2025-07-04 09:00:24,338 | INFO] : Starting to build fragment database
[2025-07-04 09:00:24,338 | INFO] : Building region dictionary with primers...
[2025-07-04 09:00:24,338 | DEBUG] : Opened file /data/16SDb/primers.fasta
[2025-07-04 09:00:24,338 | DEBUG] : Opened file /tmp/tmpi2gukp0a.fasta
[2025-07-04 09:00:24,339 | INFO] : Writing fragment database to file /data/16SDb/fragments/SILVA_random/blastdb_SILVA_gg16S.fasta
[2025-07-04 09:00:24,339 | DEBUG] : Opened file /data/16SDb/fragments/SILVA_random/blastdb_SILVA_gg16S.fasta
[2025-07-04 09:00:24,339 | INFO] : Calculating fragments with 10 cores
[2025-07-04 09:00:24,407 | DEBUG] : Opened file descriptor 12
[2025-07-04 09:00:24,420 | DEBUG] : Opened file descriptor 13
[2025-07-04 09:00:24,433 | DEBUG] : Opened file descriptor 14
[2025-07-04 09:00:24,452 | DEBUG] : Opened file descriptor 16
[2025-07-04 09:00:24,465 | DEBUG] : Opened file descriptor 18
[2025-07-04 09:00:24,484 | DEBUG] : Opened file descriptor 20
[2025-07-04 09:00:24,500 | DEBUG] : Opened file descriptor 27
[2025-07-04 09:00:24,529 | DEBUG] : Opened file descriptor 30
[2025-07-04 09:00:24,543 | DEBUG] : Opened file descriptor 32
[2025-07-04 09:00:24,555 | DEBUG] : Opened file descriptor 34
/opt/conda/envs/fasta/lib/python3.9/site-packages/skbio/util/_warning.py:40: DeprecationWarning: `local_pairwise_align_ssw` has been deprecated since 0.5.8. It will be removed in favor of more general purpose and performant aligners. Additional details at https://github.com/scikit-bio/scikit-bio/issues/1814.
  warn(message, warning)
/opt/conda/envs/fasta/lib/python3.9/site-packages/skbio/util/_warning.py:40: DeprecationWarning: `local_pairwise_align_ssw` has been deprecated since 0.5.8. It will be removed in favor of more general purpose and performant aligners. Additional details at https://github.com/scikit-bio/scikit-bio/issues/1814.
  warn(message, warning)
/opt/conda/envs/fasta/lib/python3.9/site-packages/skbio/util/_warning.py:40: DeprecationWarning: `local_pairwise_align_ssw` has been deprecated since 0.5.8. It will be removed in favor of more general purpose and performant aligners. Additional details at https://github.com/scikit-bio/scikit-bio/issues/1814.
  warn(message, warning)
/opt/conda/envs/fasta/lib/python3.9/site-packages/skbio/util/_warning.py:40: DeprecationWarning: `local_pairwise_align_ssw` has been deprecated since 0.5.8. It will be removed in favor of more general purpose and performant aligners. Additional details at https://github.com/scikit-bio/scikit-bio/issues/1814.
  warn(message, warning)
/opt/conda/envs/fasta/lib/python3.9/site-packages/skbio/util/_warning.py:40: DeprecationWarning: `local_pairwise_align_ssw` has been deprecated since 0.5.8. It will be removed in favor of more general purpose and performant aligners. Additional details at https://github.com/scikit-bio/scikit-bio/issues/1814.
  warn(message, warning)
/opt/conda/envs/fasta/lib/python3.9/site-packages/skbio/util/_warning.py:40: DeprecationWarning: `local_pairwise_align_ssw` has been deprecated since 0.5.8. It will be removed in favor of more general purpose and performant aligners. Additional details at https://github.com/scikit-bio/scikit-bio/issues/1814.
  warn(message, warning)
/opt/conda/envs/fasta/lib/python3.9/site-packages/skbio/util/_warning.py:40: DeprecationWarning: `local_pairwise_align_ssw` has been deprecated since 0.5.8. It will be removed in favor of more general purpose and performant aligners. Additional details at https://github.com/scikit-bio/scikit-bio/issues/1814.
  warn(message, warning)
/opt/conda/envs/fasta/lib/python3.9/site-packages/skbio/util/_warning.py:40: DeprecationWarning: `local_pairwise_align_ssw` has been deprecated since 0.5.8. It will be removed in favor of more general purpose and performant aligners. Additional details at https://github.com/scikit-bio/scikit-bio/issues/1814.
  warn(message, warning)
/opt/conda/envs/fasta/lib/python3.9/site-packages/skbio/util/_warning.py:40: DeprecationWarning: `local_pairwise_align_ssw` has been deprecated since 0.5.8. It will be removed in favor of more general purpose and performant aligners. Additional details at https://github.com/scikit-bio/scikit-bio/issues/1814.
  warn(message, warning)
/opt/conda/envs/fasta/lib/python3.9/site-packages/skbio/util/_warning.py:40: DeprecationWarning: `local_pairwise_align_ssw` has been deprecated since 0.5.8. It will be removed in favor of more general purpose and performant aligners. Additional details at https://github.com/scikit-bio/scikit-bio/issues/1814.
  warn(message, warning)
[2025-07-04 09:01:07,810 | INFO] : Fragment database written to /data/16SDb/fragments/SILVA_random/blastdb_SILVA_gg16S.fasta
[2025-07-04 09:01:07,810 | INFO] : Done building fragment database
[2025-07-04 09:01:07,980 | DEBUG] : Running step store_metadata
[2025-07-04 09:01:07,980 | DEBUG] : Prototype: store_metadata(outfile: str)
[2025-07-04 09:01:07,982 | DEBUG] : Arguments:
+-----------+--------------------------------------------------------------+
| Parameter |                            Value                             |
+-----------+--------------------------------------------------------------+
|  outfile  | /data/16SDb/fragments/SILVA_random/blastdb_SILVA_gg16S.fasta |
+-----------+--------------------------------------------------------------+
[2025-07-04 09:01:07,982 | DEBUG] : Opened file /data/16SDb/fragments/SILVA_random/blastdb_SILVA_gg16S.fasta
[2025-07-04 09:01:09,226 | DEBUG] : Opened file /data/16SDb/fragments/SILVA_random/meta_blastdb_SILVA_gg16S.csv
